Added Component: Designator=C01(0805)
Added Component: Designator=C1(0805)
Added Component: Designator=C2(0805)
Added Component: Designator=C3(0805)
Added Component: Designator=C4(1210C)
Added Component: Designator=C5(0805)
Added Component: Designator=C6(0805)
Added Component: Designator=C7(0805)
Added Component: Designator=C8(0805)
Added Component: Designator=C9(0805)
Added Component: Designator=C10(1210C)
Added Component: Designator=C14(0805)
Added Component: Designator=C16(0805)
Added Component: Designator=C20(0805)
Added Component: Designator=D2(DO-214AA)
Added Component: Designator=D4(DO-214AA)
Added Component: Designator=J1(microusb3)
Added Component: Designator=J2(USB-A2)
Added Component: Designator=J3(USB-A2)
Added Component: Designator=J4(PIN2)
Added Component: Designator=J5(PIN2)
Added Component: Designator=J6(PIN5_50)
Added Component: Designator=K1(KEY_Press0)
Added Component: Designator=L1(Inductor2)
Added Component: Designator=LED6(PIN2)
Added Component: Designator=Q1(TSSOP8)
Added Component: Designator=Q5(TSSOP8)
Added Component: Designator=Q6(TSSOP8)
Added Component: Designator=Q9(SOT23-6)
Added Component: Designator=Q11(SOT23)
Added Component: Designator=R1(0805)
Added Component: Designator=R2(0805)
Added Component: Designator=R3(0805)
Added Component: Designator=R7(0805)
Added Component: Designator=R8(0805)
Added Component: Designator=R9(0805)
Added Component: Designator=R15(0805)
Added Component: Designator=R16(0805)
Added Component: Designator=R17(0805)
Added Component: Designator=R18(0805)
Added Component: Designator=R19(1206R)
Added Component: Designator=R20(0805)
Added Component: Designator=R21(0805)
Added Component: Designator=R22(0805)
Added Component: Designator=R26(0805)
Added Component: Designator=R27(0805)
Added Component: Designator=R30(0805)
Added Component: Designator=R31(0805)
Added Component: Designator=R60(0805)
Added Component: Designator=U1(SOT23-5)
Added Component: Designator=U2(SOP14)
Added Component: Designator=U4(SOT23-6)
Added Component: Designator=U8(SOP8)
Added Pin To Net: NetName=B+ Pin=C01-1
Added Pin To Net: NetName=B+ Pin=C1-1
Added Pin To Net: NetName=B+ Pin=C5-2
Added Pin To Net: NetName=B+ Pin=C8-2
Added Pin To Net: NetName=B+ Pin=C9-2
Added Pin To Net: NetName=B+ Pin=J4-1
Added Pin To Net: NetName=B+ Pin=J4-2
Added Pin To Net: NetName=B+ Pin=J6-1
Added Pin To Net: NetName=B+ Pin=L1-1
Added Pin To Net: NetName=B+ Pin=R1-2
Added Pin To Net: NetName=B+ Pin=R17-1
Added Pin To Net: NetName=B+ Pin=R26-2
Added Pin To Net: NetName=B+ Pin=U1-2
Added Pin To Net: NetName=B+ Pin=U2-1
Added Pin To Net: NetName=B+ Pin=U8-5
Added Net: Name=B+
Added Pin To Net: NetName=B- Pin=C16-2
Added Pin To Net: NetName=B- Pin=J5-1
Added Pin To Net: NetName=B- Pin=J5-2
Added Pin To Net: NetName=B- Pin=Q5-6
Added Pin To Net: NetName=B- Pin=Q5-7
Added Pin To Net: NetName=B- Pin=Q6-6
Added Pin To Net: NetName=B- Pin=Q6-7
Added Pin To Net: NetName=B- Pin=U4-6
Added Net: Name=B-
Added Pin To Net: NetName=GND Pin=C01-2
Added Pin To Net: NetName=GND Pin=C1-2
Added Pin To Net: NetName=GND Pin=C2-1
Added Pin To Net: NetName=GND Pin=C3-1
Added Pin To Net: NetName=GND Pin=C4-2
Added Pin To Net: NetName=GND Pin=C5-1
Added Pin To Net: NetName=GND Pin=C6-1
Added Pin To Net: NetName=GND Pin=C7-1
Added Pin To Net: NetName=GND Pin=C8-1
Added Pin To Net: NetName=GND Pin=C9-1
Added Pin To Net: NetName=GND Pin=C10-2
Added Pin To Net: NetName=GND Pin=C14-1
Added Pin To Net: NetName=GND Pin=C20-1
Added Pin To Net: NetName=GND Pin=J1-5
Added Pin To Net: NetName=GND Pin=K1-2
Added Pin To Net: NetName=GND Pin=K1-2
Added Pin To Net: NetName=GND Pin=Q1-2
Added Pin To Net: NetName=GND Pin=Q1-3
Added Pin To Net: NetName=GND Pin=Q1-6
Added Pin To Net: NetName=GND Pin=Q1-7
Added Pin To Net: NetName=GND Pin=Q5-2
Added Pin To Net: NetName=GND Pin=Q5-3
Added Pin To Net: NetName=GND Pin=Q6-2
Added Pin To Net: NetName=GND Pin=Q6-3
Added Pin To Net: NetName=GND Pin=Q11-2
Added Pin To Net: NetName=GND Pin=R3-1
Added Pin To Net: NetName=GND Pin=R8-1
Added Pin To Net: NetName=GND Pin=R19-1
Added Pin To Net: NetName=GND Pin=R21-1
Added Pin To Net: NetName=GND Pin=R27-1
Added Pin To Net: NetName=GND Pin=R31-2
Added Pin To Net: NetName=GND Pin=U1-4
Added Pin To Net: NetName=GND Pin=U2-14
Added Pin To Net: NetName=GND Pin=U8-0
Added Pin To Net: NetName=GND Pin=U8-1
Added Pin To Net: NetName=GND Pin=U8-3
Added Net: Name=GND
Added Pin To Net: NetName=MIVCC Pin=C2-2
Added Pin To Net: NetName=MIVCC Pin=C7-2
Added Pin To Net: NetName=MIVCC Pin=J1-1
Added Pin To Net: NetName=MIVCC Pin=U8-4
Added Pin To Net: NetName=MIVCC Pin=U8-8
Added Net: Name=MIVCC
Added Pin To Net: NetName=NetC16_1 Pin=C16-1
Added Pin To Net: NetName=NetC16_1 Pin=R26-1
Added Pin To Net: NetName=NetC16_1 Pin=U4-5
Added Net: Name=NetC16_1
Added Pin To Net: NetName=NetD2_1 Pin=D2-1
Added Pin To Net: NetName=NetD2_1 Pin=D4-1
Added Pin To Net: NetName=NetD2_1 Pin=L1-2
Added Pin To Net: NetName=NetD2_1 Pin=Q1-1
Added Pin To Net: NetName=NetD2_1 Pin=Q1-8
Added Net: Name=NetD2_1
Added Pin To Net: NetName=NetJ2_2 Pin=J2-2
Added Pin To Net: NetName=NetJ2_2 Pin=J2-3
Added Net: Name=NetJ2_2
Added Pin To Net: NetName=NetJ3_2 Pin=J3-2
Added Pin To Net: NetName=NetJ3_2 Pin=R15-2
Added Pin To Net: NetName=NetJ3_2 Pin=R22-2
Added Net: Name=NetJ3_2
Added Pin To Net: NetName=NetJ3_3 Pin=J3-3
Added Pin To Net: NetName=NetJ3_3 Pin=R21-2
Added Pin To Net: NetName=NetJ3_3 Pin=R22-1
Added Net: Name=NetJ3_3
Added Pin To Net: NetName=NetLED6_1 Pin=LED6-1
Added Pin To Net: NetName=NetLED6_1 Pin=R17-2
Added Net: Name=NetLED6_1
Added Pin To Net: NetName=NetLED6_2 Pin=LED6-2
Added Pin To Net: NetName=NetLED6_2 Pin=Q11-3
Added Net: Name=NetLED6_2
Added Pin To Net: NetName=NetQ1_4 Pin=Q1-4
Added Pin To Net: NetName=NetQ1_4 Pin=Q1-5
Added Pin To Net: NetName=NetQ1_4 Pin=U1-5
Added Net: Name=NetQ1_4
Added Pin To Net: NetName=NetQ5_4 Pin=Q5-4
Added Pin To Net: NetName=NetQ5_4 Pin=Q6-4
Added Pin To Net: NetName=NetQ5_4 Pin=U4-3
Added Net: Name=NetQ5_4
Added Pin To Net: NetName=NetQ5_5 Pin=Q5-5
Added Pin To Net: NetName=NetQ5_5 Pin=Q6-5
Added Pin To Net: NetName=NetQ5_5 Pin=U4-1
Added Net: Name=NetQ5_5
Added Pin To Net: NetName=NetQ9_1 Pin=Q9-1
Added Pin To Net: NetName=NetQ9_1 Pin=Q9-3
Added Pin To Net: NetName=NetQ9_1 Pin=R18-1
Added Pin To Net: NetName=NetQ9_1 Pin=R19-2
Added Net: Name=NetQ9_1
Added Pin To Net: NetName=NetQ9_4 Pin=Q9-4
Added Pin To Net: NetName=NetQ9_4 Pin=Q9-6
Added Pin To Net: NetName=NetQ9_4 Pin=R16-2
Added Net: Name=NetQ9_4
Added Pin To Net: NetName=NetQ11_1 Pin=Q11-1
Added Pin To Net: NetName=NetQ11_1 Pin=R20-2
Added Net: Name=NetQ11_1
Added Pin To Net: NetName=NetR2_1 Pin=R2-1
Added Pin To Net: NetName=NetR2_1 Pin=U8-6
Added Net: Name=NetR2_1
Added Pin To Net: NetName=NetR3_2 Pin=R3-2
Added Pin To Net: NetName=NetR3_2 Pin=U8-2
Added Net: Name=NetR3_2
Added Pin To Net: NetName=NetR7_1 Pin=R7-1
Added Pin To Net: NetName=NetR7_1 Pin=R8-2
Added Pin To Net: NetName=NetR7_1 Pin=U1-1
Added Net: Name=NetR7_1
Added Pin To Net: NetName=NetR9_2 Pin=R9-2
Added Pin To Net: NetName=NetR9_2 Pin=U1-3
Added Net: Name=NetR9_2
Added Pin To Net: NetName=NetR27_2 Pin=R27-2
Added Pin To Net: NetName=NetR27_2 Pin=U4-2
Added Net: Name=NetR27_2
Added Pin To Net: NetName=NetR30_2 Pin=R30-2
Added Pin To Net: NetName=NetR30_2 Pin=R31-1
Added Pin To Net: NetName=NetR30_2 Pin=U2-8
Added Net: Name=NetR30_2
Added Pin To Net: NetName=NetR60_1 Pin=R60-1
Added Pin To Net: NetName=NetR60_1 Pin=U8-7
Added Net: Name=NetR60_1
Added Pin To Net: NetName=P0.1 Pin=J6-4
Added Pin To Net: NetName=P0.1 Pin=U2-7
Added Net: Name=P0.1
Added Pin To Net: NetName=P0.2 Pin=R2-2
Added Pin To Net: NetName=P0.2 Pin=U2-3
Added Net: Name=P0.2
Added Pin To Net: NetName=P0.3 Pin=R60-2
Added Pin To Net: NetName=P0.3 Pin=U2-2
Added Net: Name=P0.3
Added Pin To Net: NetName=P4.0 Pin=R20-1
Added Pin To Net: NetName=P4.0 Pin=U2-9
Added Net: Name=P4.0
Added Pin To Net: NetName=P4.1 Pin=C14-2
Added Pin To Net: NetName=P4.1 Pin=R18-2
Added Pin To Net: NetName=P4.1 Pin=U2-10
Added Net: Name=P4.1
Added Pin To Net: NetName=P4.2 Pin=R16-1
Added Pin To Net: NetName=P4.2 Pin=U2-11
Added Net: Name=P4.2
Added Pin To Net: NetName=P4.3 Pin=U2-12
Added Net: Name=P4.3
Added Pin To Net: NetName=P4.4 Pin=J6-5
Added Pin To Net: NetName=P4.4 Pin=U2-13
Added Net: Name=P4.4
Added Pin To Net: NetName=P5.3 Pin=J6-2
Added Pin To Net: NetName=P5.3 Pin=U2-5
Added Net: Name=P5.3
Added Pin To Net: NetName=P5.4 Pin=J6-3
Added Pin To Net: NetName=P5.4 Pin=U2-6
Added Net: Name=P5.4
Added Pin To Net: NetName=RST Pin=C20-2
Added Pin To Net: NetName=RST Pin=K1-1
Added Pin To Net: NetName=RST Pin=K1-1
Added Pin To Net: NetName=RST Pin=R1-1
Added Pin To Net: NetName=RST Pin=U2-4
Added Net: Name=RST
Added Pin To Net: NetName=T3 Pin=J2-4
Added Pin To Net: NetName=T3 Pin=J3-4
Added Pin To Net: NetName=T3 Pin=Q9-2
Added Pin To Net: NetName=T3 Pin=Q9-5
Added Pin To Net: NetName=T3 Pin=R30-1
Added Net: Name=T3
Added Pin To Net: NetName=VBUS Pin=C3-2
Added Pin To Net: NetName=VBUS Pin=C4-1
Added Pin To Net: NetName=VBUS Pin=C6-2
Added Pin To Net: NetName=VBUS Pin=C10-1
Added Pin To Net: NetName=VBUS Pin=D2-2
Added Pin To Net: NetName=VBUS Pin=D4-2
Added Pin To Net: NetName=VBUS Pin=J2-1
Added Pin To Net: NetName=VBUS Pin=J3-1
Added Pin To Net: NetName=VBUS Pin=R7-2
Added Pin To Net: NetName=VBUS Pin=R15-1
Added Net: Name=VBUS
Added Class: Name=Sheet1
Added Room: Name=Sheet1
