Removed Pin From Net: NetName=GND Pin=R61-2
Added Component: Designator=J1(PIN-1-1.0)
Added Component: Designator=J2(PIN-1-1.0)
Added Component: Designator=J3(PIN-1-1.0)
Added Component: Designator=J4(PIN-3-2.54-1.0)
Added Pin To Net: NetName=VIN Pin=J1-1
Added Pin To Net: NetName=VOUT1 Pin=J2-1
Added Pin To Net: NetName=VOUT2 Pin=J3-1
Added Pin To Net: NetName=V+ Pin=J4-1
Added Pin To Net: NetName=GND Pin=J4-2
Added Pin To Net: NetName=V- Pin=J4-3
Added Pin To Net: NetName=GND Pin=R61-1
Change Net Name : Old Net Name=VIN New Net Name=NetC11_1
Added Pin To Net: NetName=NetR61_2 Pin=R61-2
Added Pin To Net: NetName=NetR61_2 Pin=R62-2
Added Pin To Net: NetName=NetR61_2 Pin=uA741_1-3
Added Net: Name=NetR61_2
Added Member To Class: ClassName=Sheet1 Member=Component J1 CON1
Added Member To Class: ClassName=Sheet1 Member=Component J2 CON1
Added Member To Class: ClassName=Sheet1 Member=Component J3 CON1
Added Member To Class: ClassName=Sheet1 Member=Component J4 CON3
Added Room: Name=Sheet1
