Added Component: Designator=C11(0805)
Added Component: Designator=C12(0805)
Added Component: Designator=C13(0805)
Added Component: Designator=C14(0805)
Added Component: Designator=C21(0805)
Added Component: Designator=C22(0805)
Added Component: Designator=C23(0805)
Added Component: Designator=C24(0805)
Added Component: Designator=C31(0805)
Added Component: Designator=C32(0805)
Added Component: Designator=C33(0805)
Added Component: Designator=C34(0805)
Added Component: Designator=C41(0805)
Added Component: Designator=C42(0805)
Added Component: Designator=C43(0805)
Added Component: Designator=C44(0805)
Added Component: Designator=C51(0805)
Added Component: Designator=C52(0805)
Added Component: Designator=C53(0805)
Added Component: Designator=C54(0805)
Added Component: Designator=R11(0805)
Added Component: Designator=R12(0805)
Added Component: Designator=R13(0805)
Added Component: Designator=R14(0805)
Added Component: Designator=R21(0805)
Added Component: Designator=R22(0805)
Added Component: Designator=R23(0805)
Added Component: Designator=R24(0805)
Added Component: Designator=R31(0805)
Added Component: Designator=R32(0805)
Added Component: Designator=R33(0805)
Added Component: Designator=R34(0805)
Added Component: Designator=R41(0805)
Added Component: Designator=R42(0805)
Added Component: Designator=R43(0805)
Added Component: Designator=R44(0805)
Added Component: Designator=R51(0805)
Added Component: Designator=R52(0805)
Added Component: Designator=R53(0805)
Added Component: Designator=R54(0805)
Added Component: Designator=R61(0805)
Added Component: Designator=R62(0805)
Added Component: Designator=R63(0805)
Added Component: Designator=R64(0805)
Added Component: Designator=R65(0805)
Added Component: Designator=R66(0805)
Added Component: Designator=R67(0805)
Added Component: Designator=R68(0805)
Added Pin To Net: NetName=GND Pin=C13-1
Added Pin To Net: NetName=GND Pin=C14-1
Added Pin To Net: NetName=GND Pin=R13-1
Added Pin To Net: NetName=GND Pin=R14-1
Added Pin To Net: NetName=GND Pin=R61-2
Added Pin To Net: NetName=GND Pin=R64-2
Added Net: Name=GND
Added Pin To Net: NetName=NetC11_2 Pin=C11-2
Added Pin To Net: NetName=NetC11_2 Pin=C24-1
Added Pin To Net: NetName=NetC11_2 Pin=R14-2
Added Pin To Net: NetName=NetC11_2 Pin=R24-1
Added Net: Name=NetC11_2
Added Pin To Net: NetName=NetC12_2 Pin=C12-2
Added Pin To Net: NetName=NetC12_2 Pin=C21-1
Added Pin To Net: NetName=NetC12_2 Pin=R11-2
Added Pin To Net: NetName=NetC12_2 Pin=R21-1
Added Net: Name=NetC12_2
Added Pin To Net: NetName=NetC13_2 Pin=C13-2
Added Pin To Net: NetName=NetC13_2 Pin=C22-1
Added Pin To Net: NetName=NetC13_2 Pin=R12-2
Added Pin To Net: NetName=NetC13_2 Pin=R22-1
Added Net: Name=NetC13_2
Added Pin To Net: NetName=NetC14_2 Pin=C14-2
Added Pin To Net: NetName=NetC14_2 Pin=C23-1
Added Pin To Net: NetName=NetC14_2 Pin=R13-2
Added Pin To Net: NetName=NetC14_2 Pin=R23-1
Added Net: Name=NetC14_2
Added Pin To Net: NetName=NetC21_2 Pin=C21-2
Added Pin To Net: NetName=NetC21_2 Pin=C34-1
Added Pin To Net: NetName=NetC21_2 Pin=R24-2
Added Pin To Net: NetName=NetC21_2 Pin=R34-1
Added Net: Name=NetC21_2
Added Pin To Net: NetName=NetC22_2 Pin=C22-2
Added Pin To Net: NetName=NetC22_2 Pin=C31-1
Added Pin To Net: NetName=NetC22_2 Pin=R21-2
Added Pin To Net: NetName=NetC22_2 Pin=R31-1
Added Net: Name=NetC22_2
Added Pin To Net: NetName=NetC23_2 Pin=C23-2
Added Pin To Net: NetName=NetC23_2 Pin=C32-1
Added Pin To Net: NetName=NetC23_2 Pin=R22-2
Added Pin To Net: NetName=NetC23_2 Pin=R32-1
Added Net: Name=NetC23_2
Added Pin To Net: NetName=NetC24_2 Pin=C24-2
Added Pin To Net: NetName=NetC24_2 Pin=C33-1
Added Pin To Net: NetName=NetC24_2 Pin=R23-2
Added Pin To Net: NetName=NetC24_2 Pin=R33-1
Added Net: Name=NetC24_2
Added Pin To Net: NetName=NetC31_2 Pin=C31-2
Added Pin To Net: NetName=NetC31_2 Pin=C44-1
Added Pin To Net: NetName=NetC31_2 Pin=R34-2
Added Pin To Net: NetName=NetC31_2 Pin=R44-1
Added Net: Name=NetC31_2
Added Pin To Net: NetName=NetC32_2 Pin=C32-2
Added Pin To Net: NetName=NetC32_2 Pin=C41-1
Added Pin To Net: NetName=NetC32_2 Pin=R31-2
Added Pin To Net: NetName=NetC32_2 Pin=R41-1
Added Net: Name=NetC32_2
Added Pin To Net: NetName=NetC33_2 Pin=C33-2
Added Pin To Net: NetName=NetC33_2 Pin=C42-1
Added Pin To Net: NetName=NetC33_2 Pin=R32-2
Added Pin To Net: NetName=NetC33_2 Pin=R42-1
Added Net: Name=NetC33_2
Added Pin To Net: NetName=NetC34_2 Pin=C34-2
Added Pin To Net: NetName=NetC34_2 Pin=C43-1
Added Pin To Net: NetName=NetC34_2 Pin=R33-2
Added Pin To Net: NetName=NetC34_2 Pin=R43-1
Added Net: Name=NetC34_2
Added Pin To Net: NetName=NetC41_2 Pin=C41-2
Added Pin To Net: NetName=NetC41_2 Pin=C54-1
Added Pin To Net: NetName=NetC41_2 Pin=R44-2
Added Pin To Net: NetName=NetC41_2 Pin=R54-2
Added Net: Name=NetC41_2
Added Pin To Net: NetName=NetC42_2 Pin=C42-2
Added Pin To Net: NetName=NetC42_2 Pin=C51-1
Added Pin To Net: NetName=NetC42_2 Pin=R41-2
Added Pin To Net: NetName=NetC42_2 Pin=R51-2
Added Net: Name=NetC42_2
Added Pin To Net: NetName=NetC43_2 Pin=C43-2
Added Pin To Net: NetName=NetC43_2 Pin=C52-1
Added Pin To Net: NetName=NetC43_2 Pin=R42-2
Added Pin To Net: NetName=NetC43_2 Pin=R52-2
Added Net: Name=NetC43_2
Added Pin To Net: NetName=NetC44_2 Pin=C44-2
Added Pin To Net: NetName=NetC44_2 Pin=C53-1
Added Pin To Net: NetName=NetC44_2 Pin=R43-2
Added Pin To Net: NetName=NetC44_2 Pin=R53-2
Added Net: Name=NetC44_2
Added Pin To Net: NetName=NetC51_2 Pin=C51-2
Added Pin To Net: NetName=NetC51_2 Pin=R54-1
Added Pin To Net: NetName=NetC51_2 Pin=R65-1
Added Net: Name=NetC51_2
Added Pin To Net: NetName=NetC52_2 Pin=C52-2
Added Pin To Net: NetName=NetC52_2 Pin=R51-1
Added Pin To Net: NetName=NetC52_2 Pin=R63-1
Added Net: Name=NetC52_2
Added Pin To Net: NetName=NetC53_2 Pin=C53-2
Added Pin To Net: NetName=NetC53_2 Pin=R52-1
Added Pin To Net: NetName=NetC53_2 Pin=R66-1
Added Net: Name=NetC53_2
Added Pin To Net: NetName=NetC54_2 Pin=C54-2
Added Pin To Net: NetName=NetC54_2 Pin=R53-1
Added Pin To Net: NetName=NetC54_2 Pin=R62-1
Added Net: Name=NetC54_2
Added Pin To Net: NetName=NetR61_1 Pin=R61-1
Added Pin To Net: NetName=NetR61_1 Pin=R62-2
Added Net: Name=NetR61_1
Added Pin To Net: NetName=NetR63_2 Pin=R63-2
Added Pin To Net: NetName=NetR63_2 Pin=R67-1
Added Net: Name=NetR63_2
Added Pin To Net: NetName=NetR64_1 Pin=R64-1
Added Pin To Net: NetName=NetR64_1 Pin=R65-2
Added Net: Name=NetR64_1
Added Pin To Net: NetName=NetR66_2 Pin=R66-2
Added Pin To Net: NetName=NetR66_2 Pin=R68-1
Added Net: Name=NetR66_2
Added Net: Name=V+
Added Net: Name=V-
Added Pin To Net: NetName=VIN Pin=C11-1
Added Pin To Net: NetName=VIN Pin=C12-1
Added Pin To Net: NetName=VIN Pin=R11-1
Added Pin To Net: NetName=VIN Pin=R12-1
Added Net: Name=VIN
Added Pin To Net: NetName=VOUT1 Pin=R67-2
Added Net: Name=VOUT1
Added Pin To Net: NetName=VOUT2 Pin=R68-2
Added Net: Name=VOUT2
Added Class: Name=Sheet1
Added Room: Name=Sheet1
